<?xml version="1.0" encoding="UTF-8"?>
<!-- Generated by org.testng.reporters.JUnitReportReporter -->
<testsuite skipped="0" hostname="Swecha" name="com.productlist.productslist" tests="1" failures="0" timestamp="2022-06-13T18:38:00 IST" time="66.889" errors="0">
  <testcase name="enterProduct" time="66.889" classname="com.productlist.productslist"/>
  <system-out/>
</testsuite> <!-- com.productlist.productslist -->
