<?xml version="1.0" encoding="UTF-8"?>
<!-- Generated by org.testng.reporters.JUnitReportReporter -->
<testsuite skipped="0" hostname="Swecha" name="com.productlist.ProductList" tests="1" failures="0" timestamp="2022-06-13T21:25:40 IST" time="129.766" errors="0">
  <testcase name="enterProduct" time="129.766" classname="com.productlist.ProductList"/>
  <system-out/>
</testsuite> <!-- com.productlist.ProductList -->
