<?xml version="1.0" encoding="UTF-8"?>
<!-- Generated by org.testng.reporters.JUnitReportReporter -->
<testsuite skipped="0" hostname="Swecha" name="com.product.TestBase" tests="1" failures="0" timestamp="2022-06-09T23:38:10 IST" time="14.406" errors="0">
  <testcase name="initialization" time="14.406" classname="com.product.TestBase"/>
  <system-out/>
</testsuite> <!-- com.product.TestBase -->
