<?xml version="1.0" encoding="UTF-8"?>
<!-- Generated by org.testng.reporters.JUnitReportReporter -->
<testsuite skipped="0" hostname="Swecha" name="com.product.Base" tests="1" failures="0" timestamp="2022-06-10T12:08:49 IST" time="17.445" errors="0">
  <testcase name="initialization" time="17.445" classname="com.product.Base"/>
  <system-out/>
</testsuite> <!-- com.product.Base -->
